c:\users\elean\source\repos\directyxtry\directyxtry\x64\debug\vc141.pdb
c:\users\elean\source\repos\directyxtry\directyxtry\x64\debug\vc141.idb
c:\users\elean\source\repos\directyxtry\directyxtry\x64\debug\camera.obj
c:\users\elean\source\repos\directyxtry\directyxtry\x64\debug\colourshader.obj
c:\users\elean\source\repos\directyxtry\directyxtry\x64\debug\d3dclass.obj
c:\users\elean\source\repos\directyxtry\directyxtry\x64\debug\graphics.obj
c:\users\elean\source\repos\directyxtry\directyxtry\x64\debug\input.obj
c:\users\elean\source\repos\directyxtry\directyxtry\x64\debug\light.obj
c:\users\elean\source\repos\directyxtry\directyxtry\x64\debug\lightshader.obj
c:\users\elean\source\repos\directyxtry\directyxtry\x64\debug\main.obj
c:\users\elean\source\repos\directyxtry\directyxtry\x64\debug\models.obj
c:\users\elean\source\repos\directyxtry\directyxtry\x64\debug\stdafx.obj
c:\users\elean\source\repos\directyxtry\directyxtry\x64\debug\system.obj
c:\users\elean\source\repos\directyxtry\directyxtry\x64\debug\texture.obj
c:\users\elean\source\repos\directyxtry\directyxtry\x64\debug\textureshader.obj
c:\users\elean\source\repos\directyxtry\directyxtry\x64\debug\gameobject.obj
c:\users\elean\source\repos\directyxtry\x64\debug\directyxtry.exe
c:\users\elean\source\repos\directyxtry\x64\debug\directyxtry.ilk
c:\users\elean\source\repos\directyxtry\x64\debug\directyxtry.pdb
c:\users\elean\source\repos\directyxtry\directyxtry\x64\debug\directyxtry.res
c:\users\elean\source\repos\directyxtry\directyxtry\x64\debug\directyxtry.tlog\cl.command.1.tlog
c:\users\elean\source\repos\directyxtry\directyxtry\x64\debug\directyxtry.tlog\cl.read.1.tlog
c:\users\elean\source\repos\directyxtry\directyxtry\x64\debug\directyxtry.tlog\cl.write.1.tlog
c:\users\elean\source\repos\directyxtry\directyxtry\x64\debug\directyxtry.tlog\link.command.1.tlog
c:\users\elean\source\repos\directyxtry\directyxtry\x64\debug\directyxtry.tlog\link.read.1.tlog
c:\users\elean\source\repos\directyxtry\directyxtry\x64\debug\directyxtry.tlog\link.write.1.tlog
c:\users\elean\source\repos\directyxtry\directyxtry\x64\debug\directyxtry.tlog\rc.command.1.tlog
c:\users\elean\source\repos\directyxtry\directyxtry\x64\debug\directyxtry.tlog\rc.read.1.tlog
c:\users\elean\source\repos\directyxtry\directyxtry\x64\debug\directyxtry.tlog\rc.write.1.tlog
